<program>
   1: # Using Heron's method of computing the square root.
   2: # Ref: http://en.wikipedia.org/wiki/Methods_of_computing_square_roots
   3: # --- 
   4: 
   5: def pow (a, b):
  <stmt>
    <func def>
      <name>
      </name>
      <name>
      </name>
      <name>
      </name>
      <suite>
   6:   if b > 1:
        <stmt>
          <if stmt>
            <expr>
              <and test>
                <not test>
                  <comparison>
                    <term>
                      <factor>
                        <primary>
                          <atom>
                            <name>
                            </name>
                          </atom>
                        </primary>
                      </factor>
                    </term>
                    <comp opr>
                    </comp opr>
                    <term>
                      <factor>
                        <primary>
                          <atom>
                            <integer literal>
                            </integer literal>
                          </atom>
                        </primary>
                      </factor>
                    </term>
                  </comparison>
                </not test>
              </and test>
            </expr>
            <suite>
   7:     return pow(a,b-1) * a
              <stmt>
                <return stmt>
                  <expr>
                    <and test>
                      <not test>
                        <comparison>
                          <term>
                            <factor>
                              <primary>
                                <atom>
                                  <name>
                                  </name>
                                </atom>
                                <primary suffix>
                                  <arguments>
                                    <expr>
                                      <and test>
                                        <not test>
                                          <comparison>
                                            <term>
                                              <factor>
                                                <primary>
                                                  <atom>
                                                    <name>
                                                    </name>
                                                  </atom>
                                                </primary>
                                              </factor>
                                            </term>
                                          </comparison>
                                        </not test>
                                      </and test>
                                    </expr>
                                    <expr>
                                      <and test>
                                        <not test>
                                          <comparison>
                                            <term>
                                              <factor>
                                                <primary>
                                                  <atom>
                                                    <name>
                                                    </name>
                                                  </atom>
                                                </primary>
                                              </factor>
                                              <term opr>
                                              </term opr>
                                              <factor>
                                                <primary>
                                                  <atom>
                                                    <integer literal>
                                                    </integer literal>
                                                  </atom>
                                                </primary>
                                              </factor>
                                            </term>
                                          </comparison>
                                        </not test>
                                      </and test>
                                    </expr>
                                  </arguments>
                                </primary suffix>
                              </primary>
                              <factor opr>
                              </factor opr>
                              <primary>
                                <atom>
                                  <name>
                                  </name>
                                </atom>
                              </primary>
                            </factor>
                          </term>
                        </comparison>
                      </not test>
                    </and test>
                  </expr>
                </return stmt>
              </stmt>
   8:   elif b < 1:
            </suite>
            <expr>
              <and test>
                <not test>
                  <comparison>
                    <term>
                      <factor>
                        <primary>
                          <atom>
                            <name>
                            </name>
                          </atom>
                        </primary>
                      </factor>
                    </term>
                    <comp opr>
                    </comp opr>
                    <term>
                      <factor>
                        <primary>
                          <atom>
                            <integer literal>
                            </integer literal>
                          </atom>
                        </primary>
                      </factor>
                    </term>
                  </comparison>
                </not test>
              </and test>
            </expr>
            <suite>
   9:     return pow(a,b+1) / a
              <stmt>
                <return stmt>
                  <expr>
                    <and test>
                      <not test>
                        <comparison>
                          <term>
                            <factor>
                              <primary>
                                <atom>
                                  <name>
                                  </name>
                                </atom>
                                <primary suffix>
                                  <arguments>
                                    <expr>
                                      <and test>
                                        <not test>
                                          <comparison>
                                            <term>
                                              <factor>
                                                <primary>
                                                  <atom>
                                                    <name>
                                                    </name>
                                                  </atom>
                                                </primary>
                                              </factor>
                                            </term>
                                          </comparison>
                                        </not test>
                                      </and test>
                                    </expr>
                                    <expr>
                                      <and test>
                                        <not test>
                                          <comparison>
                                            <term>
                                              <factor>
                                                <primary>
                                                  <atom>
                                                    <name>
                                                    </name>
                                                  </atom>
                                                </primary>
                                              </factor>
                                              <term opr>
                                              </term opr>
                                              <factor>
                                                <primary>
                                                  <atom>
                                                    <integer literal>
                                                    </integer literal>
                                                  </atom>
                                                </primary>
                                              </factor>
                                            </term>
                                          </comparison>
                                        </not test>
                                      </and test>
                                    </expr>
                                  </arguments>
                                </primary suffix>
                              </primary>
                              <factor opr>
                              </factor opr>
                              <primary>
                                <atom>
                                  <name>
                                  </name>
                                </atom>
                              </primary>
                            </factor>
                          </term>
                        </comparison>
                      </not test>
                    </and test>
                  </expr>
                </return stmt>
              </stmt>
  10:   else:
            </suite>
            <suite>
  11:     return a
              <stmt>
                <return stmt>
                  <expr>
                    <and test>
                      <not test>
                        <comparison>
                          <term>
                            <factor>
                              <primary>
                                <atom>
                                  <name>
                                  </name>
                                </atom>
                              </primary>
                            </factor>
                          </term>
                        </comparison>
                      </not test>
                    </and test>
                  </expr>
                </return stmt>
              </stmt>
  12:   
  13: 
  14: def rough_log (x):
            </suite>
          </if stmt>
        </stmt>
      </suite>
    </func def>
  </stmt>
  <stmt>
    <func def>
      <name>
      </name>
      <name>
      </name>
      <suite>
  15:   if x > 10:
        <stmt>
          <if stmt>
            <expr>
              <and test>
                <not test>
                  <comparison>
                    <term>
                      <factor>
                        <primary>
                          <atom>
                            <name>
                            </name>
                          </atom>
                        </primary>
                      </factor>
                    </term>
                    <comp opr>
                    </comp opr>
                    <term>
                      <factor>
                        <primary>
                          <atom>
                            <integer literal>
                            </integer literal>
                          </atom>
                        </primary>
                      </factor>
                    </term>
                  </comparison>
                </not test>
              </and test>
            </expr>
            <suite>
  16:     return rough_log(x/10) + 1
              <stmt>
                <return stmt>
                  <expr>
                    <and test>
                      <not test>
                        <comparison>
                          <term>
                            <factor>
                              <primary>
                                <atom>
                                  <name>
                                  </name>
                                </atom>
                                <primary suffix>
                                  <arguments>
                                    <expr>
                                      <and test>
                                        <not test>
                                          <comparison>
                                            <term>
                                              <factor>
                                                <primary>
                                                  <atom>
                                                    <name>
                                                    </name>
                                                  </atom>
                                                </primary>
                                                <factor opr>
                                                </factor opr>
                                                <primary>
                                                  <atom>
                                                    <integer literal>
                                                    </integer literal>
                                                  </atom>
                                                </primary>
                                              </factor>
                                            </term>
                                          </comparison>
                                        </not test>
                                      </and test>
                                    </expr>
                                  </arguments>
                                </primary suffix>
                              </primary>
                            </factor>
                            <term opr>
                            </term opr>
                            <factor>
                              <primary>
                                <atom>
                                  <integer literal>
                                  </integer literal>
                                </atom>
                              </primary>
                            </factor>
                          </term>
                        </comparison>
                      </not test>
                    </and test>
                  </expr>
                </return stmt>
              </stmt>
  17:   if x < 0.1:
            </suite>
          </if stmt>
        </stmt>
        <stmt>
          <if stmt>
            <expr>
              <and test>
                <not test>
                  <comparison>
                    <term>
                      <factor>
                        <primary>
                          <atom>
                            <name>
                            </name>
                          </atom>
                        </primary>
                      </factor>
                    </term>
                    <comp opr>
                    </comp opr>
                    <term>
                      <factor>
                        <primary>
                          <atom>
                            <float literal>
                            </float literal>
                          </atom>
                        </primary>
                      </factor>
                    </term>
                  </comparison>
                </not test>
              </and test>
            </expr>
            <suite>
  18:     return rough_log(x*10) - 1
              <stmt>
                <return stmt>
                  <expr>
                    <and test>
                      <not test>
                        <comparison>
                          <term>
                            <factor>
                              <primary>
                                <atom>
                                  <name>
                                  </name>
                                </atom>
                                <primary suffix>
                                  <arguments>
                                    <expr>
                                      <and test>
                                        <not test>
                                          <comparison>
                                            <term>
                                              <factor>
                                                <primary>
                                                  <atom>
                                                    <name>
                                                    </name>
                                                  </atom>
                                                </primary>
                                                <factor opr>
                                                </factor opr>
                                                <primary>
                                                  <atom>
                                                    <integer literal>
                                                    </integer literal>
                                                  </atom>
                                                </primary>
                                              </factor>
                                            </term>
                                          </comparison>
                                        </not test>
                                      </and test>
                                    </expr>
                                  </arguments>
                                </primary suffix>
                              </primary>
                            </factor>
                            <term opr>
                            </term opr>
                            <factor>
                              <primary>
                                <atom>
                                  <integer literal>
                                  </integer literal>
                                </atom>
                              </primary>
                            </factor>
                          </term>
                        </comparison>
                      </not test>
                    </and test>
                  </expr>
                </return stmt>
              </stmt>
  19:   return 1
            </suite>
          </if stmt>
        </stmt>
        <stmt>
          <return stmt>
            <expr>
              <and test>
                <not test>
                  <comparison>
                    <term>
                      <factor>
                        <primary>
                          <atom>
                            <integer literal>
                            </integer literal>
                          </atom>
                        </primary>
                      </factor>
                    </term>
                  </comparison>
                </not test>
              </and test>
            </expr>
          </return stmt>
        </stmt>
  20: 
  21: 
  22: def sqrt (v):
      </suite>
    </func def>
  </stmt>
  <stmt>
    <func def>
      <name>
      </name>
      <name>
      </name>
      <suite>
  23:   x = [0] * 12
        <stmt>
          <assignment>
            <name>
            </name>
            <expr>
              <and test>
                <not test>
                  <comparison>
                    <term>
                      <factor>
                        <primary>
                          <atom>
                            <list display>
                              <expr>
                                <and test>
                                  <not test>
                                    <comparison>
                                      <term>
                                        <factor>
                                          <primary>
                                            <atom>
                                              <integer literal>
                                              </integer literal>
                                            </atom>
                                          </primary>
                                        </factor>
                                      </term>
                                    </comparison>
                                  </not test>
                                </and test>
                              </expr>
                            </list display>
                          </atom>
                        </primary>
                        <factor opr>
                        </factor opr>
                        <primary>
                          <atom>
                            <integer literal>
                            </integer literal>
                          </atom>
                        </primary>
                      </factor>
                    </term>
                  </comparison>
                </not test>
              </and test>
            </expr>
          </assignment>
        </stmt>
  24: 
  25:   d = rough_log(v)
        <stmt>
          <assignment>
            <name>
            </name>
            <expr>
              <and test>
                <not test>
                  <comparison>
                    <term>
                      <factor>
                        <primary>
                          <atom>
                            <name>
                            </name>
                          </atom>
                          <primary suffix>
                            <arguments>
                              <expr>
                                <and test>
                                  <not test>
                                    <comparison>
                                      <term>
                                        <factor>
                                          <primary>
                                            <atom>
                                              <name>
                                              </name>
                                            </atom>
                                          </primary>
                                        </factor>
                                      </term>
                                    </comparison>
                                  </not test>
                                </and test>
                              </expr>
                            </arguments>
                          </primary suffix>
                        </primary>
                      </factor>
                    </term>
                  </comparison>
                </not test>
              </and test>
            </expr>
          </assignment>
        </stmt>
  26:   if d%2 == 1:
        <stmt>
          <if stmt>
            <expr>
              <and test>
                <not test>
                  <comparison>
                    <term>
                      <factor>
                        <primary>
                          <atom>
                            <name>
                            </name>
                          </atom>
                        </primary>
                        <factor opr>
                        </factor opr>
                        <primary>
                          <atom>
                            <integer literal>
                            </integer literal>
                          </atom>
                        </primary>
                      </factor>
                    </term>
                    <comp opr>
                    </comp opr>
                    <term>
                      <factor>
                        <primary>
                          <atom>
                            <integer literal>
                            </integer literal>
                          </atom>
                        </primary>
                      </factor>
                    </term>
                  </comparison>
                </not test>
              </and test>
            </expr>
            <suite>
  27:     x[0] = pow(2*10, (d-1)//2)
              <stmt>
                <assignment>
                  <name>
                  </name>
                  <subscription>
                    <expr>
                      <and test>
                        <not test>
                          <comparison>
                            <term>
                              <factor>
                                <primary>
                                  <atom>
                                    <integer literal>
                                    </integer literal>
                                  </atom>
                                </primary>
                              </factor>
                            </term>
                          </comparison>
                        </not test>
                      </and test>
                    </expr>
                  </subscription>
                  <expr>
                    <and test>
                      <not test>
                        <comparison>
                          <term>
                            <factor>
                              <primary>
                                <atom>
                                  <name>
                                  </name>
                                </atom>
                                <primary suffix>
                                  <arguments>
                                    <expr>
                                      <and test>
                                        <not test>
                                          <comparison>
                                            <term>
                                              <factor>
                                                <primary>
                                                  <atom>
                                                    <integer literal>
                                                    </integer literal>
                                                  </atom>
                                                </primary>
                                                <factor opr>
                                                </factor opr>
                                                <primary>
                                                  <atom>
                                                    <integer literal>
                                                    </integer literal>
                                                  </atom>
                                                </primary>
                                              </factor>
                                            </term>
                                          </comparison>
                                        </not test>
                                      </and test>
                                    </expr>
                                    <expr>
                                      <and test>
                                        <not test>
                                          <comparison>
                                            <term>
                                              <factor>
                                                <primary>
                                                  <atom>
                                                    <inner expr>
                                                      <expr>
                                                        <and test>
                                                          <not test>
                                                            <comparison>
                                                              <term>
                                                                <factor>
                                                                  <primary>
                                                                    <atom>
                                                                      <name>
                                                                      </name>
                                                                    </atom>
                                                                  </primary>
                                                                </factor>
                                                                <term opr>
                                                                </term opr>
                                                                <factor>
                                                                  <primary>
                                                                    <atom>
                                                                      <integer literal>
                                                                      </integer literal>
                                                                    </atom>
                                                                  </primary>
                                                                </factor>
                                                              </term>
                                                            </comparison>
                                                          </not test>
                                                        </and test>
                                                      </expr>
                                                    </inner expr>
                                                  </atom>
                                                </primary>
                                                <factor opr>
                                                </factor opr>
                                                <primary>
                                                  <atom>
                                                    <integer literal>
                                                    </integer literal>
                                                  </atom>
                                                </primary>
                                              </factor>
                                            </term>
                                          </comparison>
                                        </not test>
                                      </and test>
                                    </expr>
                                  </arguments>
                                </primary suffix>
                              </primary>
                            </factor>
                          </term>
                        </comparison>
                      </not test>
                    </and test>
                  </expr>
                </assignment>
              </stmt>
  28:   else:
            </suite>
            <suite>
  29:     x[0] = pow(6*10, (d-2)//2)
              <stmt>
                <assignment>
                  <name>
                  </name>
                  <subscription>
                    <expr>
                      <and test>
                        <not test>
                          <comparison>
                            <term>
                              <factor>
                                <primary>
                                  <atom>
                                    <integer literal>
                                    </integer literal>
                                  </atom>
                                </primary>
                              </factor>
                            </term>
                          </comparison>
                        </not test>
                      </and test>
                    </expr>
                  </subscription>
                  <expr>
                    <and test>
                      <not test>
                        <comparison>
                          <term>
                            <factor>
                              <primary>
                                <atom>
                                  <name>
                                  </name>
                                </atom>
                                <primary suffix>
                                  <arguments>
                                    <expr>
                                      <and test>
                                        <not test>
                                          <comparison>
                                            <term>
                                              <factor>
                                                <primary>
                                                  <atom>
                                                    <integer literal>
                                                    </integer literal>
                                                  </atom>
                                                </primary>
                                                <factor opr>
                                                </factor opr>
                                                <primary>
                                                  <atom>
                                                    <integer literal>
                                                    </integer literal>
                                                  </atom>
                                                </primary>
                                              </factor>
                                            </term>
                                          </comparison>
                                        </not test>
                                      </and test>
                                    </expr>
                                    <expr>
                                      <and test>
                                        <not test>
                                          <comparison>
                                            <term>
                                              <factor>
                                                <primary>
                                                  <atom>
                                                    <inner expr>
                                                      <expr>
                                                        <and test>
                                                          <not test>
                                                            <comparison>
                                                              <term>
                                                                <factor>
                                                                  <primary>
                                                                    <atom>
                                                                      <name>
                                                                      </name>
                                                                    </atom>
                                                                  </primary>
                                                                </factor>
                                                                <term opr>
                                                                </term opr>
                                                                <factor>
                                                                  <primary>
                                                                    <atom>
                                                                      <integer literal>
                                                                      </integer literal>
                                                                    </atom>
                                                                  </primary>
                                                                </factor>
                                                              </term>
                                                            </comparison>
                                                          </not test>
                                                        </and test>
                                                      </expr>
                                                    </inner expr>
                                                  </atom>
                                                </primary>
                                                <factor opr>
                                                </factor opr>
                                                <primary>
                                                  <atom>
                                                    <integer literal>
                                                    </integer literal>
                                                  </atom>
                                                </primary>
                                              </factor>
                                            </term>
                                          </comparison>
                                        </not test>
                                      </and test>
                                    </expr>
                                  </arguments>
                                </primary suffix>
                              </primary>
                            </factor>
                          </term>
                        </comparison>
                      </not test>
                    </and test>
                  </expr>
                </assignment>
              </stmt>
  30: 
  31:   ix = 0
            </suite>
          </if stmt>
        </stmt>
        <stmt>
          <assignment>
            <name>
            </name>
            <expr>
              <and test>
                <not test>
                  <comparison>
                    <term>
                      <factor>
                        <primary>
                          <atom>
                            <integer literal>
                            </integer literal>
                          </atom>
                        </primary>
                      </factor>
                    </term>
                  </comparison>
                </not test>
              </and test>
            </expr>
          </assignment>
        </stmt>
  32:   while ix < 11:
        <stmt>
          <while stmt>
            <expr>
              <and test>
                <not test>
                  <comparison>
                    <term>
                      <factor>
                        <primary>
                          <atom>
                            <name>
                            </name>
                          </atom>
                        </primary>
                      </factor>
                    </term>
                    <comp opr>
                    </comp opr>
                    <term>
                      <factor>
                        <primary>
                          <atom>
                            <integer literal>
                            </integer literal>
                          </atom>
                        </primary>
                      </factor>
                    </term>
                  </comparison>
                </not test>
              </and test>
            </expr>
            <suite>
  33:     tmp = (x[ix]+v/x[ix])/2
              <stmt>
                <assignment>
                  <name>
                  </name>
                  <expr>
                    <and test>
                      <not test>
                        <comparison>
                          <term>
                            <factor>
                              <primary>
                                <atom>
                                  <inner expr>
                                    <expr>
                                      <and test>
                                        <not test>
                                          <comparison>
                                            <term>
                                              <factor>
                                                <primary>
                                                  <atom>
                                                    <name>
                                                    </name>
                                                  </atom>
                                                  <primary suffix>
                                                    <subscription>
                                                      <expr>
                                                        <and test>
                                                          <not test>
                                                            <comparison>
                                                              <term>
                                                                <factor>
                                                                  <primary>
                                                                    <atom>
                                                                      <name>
                                                                      </name>
                                                                    </atom>
                                                                  </primary>
                                                                </factor>
                                                              </term>
                                                            </comparison>
                                                          </not test>
                                                        </and test>
                                                      </expr>
                                                    </subscription>
                                                  </primary suffix>
                                                </primary>
                                              </factor>
                                              <term opr>
                                              </term opr>
                                              <factor>
                                                <primary>
                                                  <atom>
                                                    <name>
                                                    </name>
                                                  </atom>
                                                </primary>
                                                <factor opr>
                                                </factor opr>
                                                <primary>
                                                  <atom>
                                                    <name>
                                                    </name>
                                                  </atom>
                                                  <primary suffix>
                                                    <subscription>
                                                      <expr>
                                                        <and test>
                                                          <not test>
                                                            <comparison>
                                                              <term>
                                                                <factor>
                                                                  <primary>
                                                                    <atom>
                                                                      <name>
                                                                      </name>
                                                                    </atom>
                                                                  </primary>
                                                                </factor>
                                                              </term>
                                                            </comparison>
                                                          </not test>
                                                        </and test>
                                                      </expr>
                                                    </subscription>
                                                  </primary suffix>
                                                </primary>
                                              </factor>
                                            </term>
                                          </comparison>
                                        </not test>
                                      </and test>
                                    </expr>
                                  </inner expr>
                                </atom>
                              </primary>
                              <factor opr>
                              </factor opr>
                              <primary>
                                <atom>
                                  <integer literal>
                                  </integer literal>
                                </atom>
                              </primary>
                            </factor>
                          </term>
                        </comparison>
                      </not test>
                    </and test>
                  </expr>
                </assignment>
              </stmt>
  34:     ix = ix+1
              <stmt>
                <assignment>
                  <name>
                  </name>
                  <expr>
                    <and test>
                      <not test>
                        <comparison>
                          <term>
                            <factor>
                              <primary>
                                <atom>
                                  <name>
                                  </name>
                                </atom>
                              </primary>
                            </factor>
                            <term opr>
                            </term opr>
                            <factor>
                              <primary>
                                <atom>
                                  <integer literal>
                                  </integer literal>
                                </atom>
                              </primary>
                            </factor>
                          </term>
                        </comparison>
                      </not test>
                    </and test>
                  </expr>
                </assignment>
              </stmt>
  35:     x[ix] = tmp
              <stmt>
                <assignment>
                  <name>
                  </name>
                  <subscription>
                    <expr>
                      <and test>
                        <not test>
                          <comparison>
                            <term>
                              <factor>
                                <primary>
                                  <atom>
                                    <name>
                                    </name>
                                  </atom>
                                </primary>
                              </factor>
                            </term>
                          </comparison>
                        </not test>
                      </and test>
                    </expr>
                  </subscription>
                  <expr>
                    <and test>
                      <not test>
                        <comparison>
                          <term>
                            <factor>
                              <primary>
                                <atom>
                                  <name>
                                  </name>
                                </atom>
                              </primary>
                            </factor>
                          </term>
                        </comparison>
                      </not test>
                    </and test>
                  </expr>
                </assignment>
              </stmt>
  36:   return x[11]
            </suite>
          </while stmt>
        </stmt>
        <stmt>
          <return stmt>
            <expr>
              <and test>
                <not test>
                  <comparison>
                    <term>
                      <factor>
                        <primary>
                          <atom>
                            <name>
                            </name>
                          </atom>
                          <primary suffix>
                            <subscription>
                              <expr>
                                <and test>
                                  <not test>
                                    <comparison>
                                      <term>
                                        <factor>
                                          <primary>
                                            <atom>
                                              <integer literal>
                                              </integer literal>
                                            </atom>
                                          </primary>
                                        </factor>
                                      </term>
                                    </comparison>
                                  </not test>
                                </and test>
                              </expr>
                            </subscription>
                          </primary suffix>
                        </primary>
                      </factor>
                    </term>
                  </comparison>
                </not test>
              </and test>
            </expr>
          </return stmt>
        </stmt>
  37: 
  38: 
  39: # The main program:
  40: v = float(input("Give a number: "))
      </suite>
    </func def>
  </stmt>
  <stmt>
    <assignment>
      <name>
      </name>
      <expr>
        <and test>
          <not test>
            <comparison>
              <term>
                <factor>
                  <primary>
                    <atom>
                      <name>
                      </name>
                    </atom>
                    <primary suffix>
                      <arguments>
                        <expr>
                          <and test>
                            <not test>
                              <comparison>
                                <term>
                                  <factor>
                                    <primary>
                                      <atom>
                                        <name>
                                        </name>
                                      </atom>
                                      <primary suffix>
                                        <arguments>
                                          <expr>
                                            <and test>
                                              <not test>
                                                <comparison>
                                                  <term>
                                                    <factor>
                                                      <primary>
                                                        <atom>
                                                          <string literal>
                                                          </string literal>
                                                        </atom>
                                                      </primary>
                                                    </factor>
                                                  </term>
                                                </comparison>
                                              </not test>
                                            </and test>
                                          </expr>
                                        </arguments>
                                      </primary suffix>
                                    </primary>
                                  </factor>
                                </term>
                              </comparison>
                            </not test>
                          </and test>
                        </expr>
                      </arguments>
                    </primary suffix>
                  </primary>
                </factor>
              </term>
            </comparison>
          </not test>
        </and test>
      </expr>
    </assignment>
  </stmt>
  41: sq2 = sqrt(v)
  <stmt>
    <assignment>
      <name>
      </name>
      <expr>
        <and test>
          <not test>
            <comparison>
              <term>
                <factor>
                  <primary>
                    <atom>
                      <name>
                      </name>
                    </atom>
                    <primary suffix>
                      <arguments>
                        <expr>
                          <and test>
                            <not test>
                              <comparison>
                                <term>
                                  <factor>
                                    <primary>
                                      <atom>
                                        <name>
                                        </name>
                                      </atom>
                                    </primary>
                                  </factor>
                                </term>
                              </comparison>
                            </not test>
                          </and test>
                        </expr>
                      </arguments>
                    </primary suffix>
                  </primary>
                </factor>
              </term>
            </comparison>
          </not test>
        </and test>
      </expr>
    </assignment>
  </stmt>
  42: print(sq2, "squared is", pow(sq2,2))
  <stmt>
    <expr stmt>
      <expr>
        <and test>
          <not test>
            <comparison>
              <term>
                <factor>
                  <primary>
                    <atom>
                      <name>
                      </name>
                    </atom>
                    <primary suffix>
                      <arguments>
                        <expr>
                          <and test>
                            <not test>
                              <comparison>
                                <term>
                                  <factor>
                                    <primary>
                                      <atom>
                                        <name>
                                        </name>
                                      </atom>
                                    </primary>
                                  </factor>
                                </term>
                              </comparison>
                            </not test>
                          </and test>
                        </expr>
                        <expr>
                          <and test>
                            <not test>
                              <comparison>
                                <term>
                                  <factor>
                                    <primary>
                                      <atom>
                                        <string literal>
                                        </string literal>
                                      </atom>
                                    </primary>
                                  </factor>
                                </term>
                              </comparison>
                            </not test>
                          </and test>
                        </expr>
                        <expr>
                          <and test>
                            <not test>
                              <comparison>
                                <term>
                                  <factor>
                                    <primary>
                                      <atom>
                                        <name>
                                        </name>
                                      </atom>
                                      <primary suffix>
                                        <arguments>
                                          <expr>
                                            <and test>
                                              <not test>
                                                <comparison>
                                                  <term>
                                                    <factor>
                                                      <primary>
                                                        <atom>
                                                          <name>
                                                          </name>
                                                        </atom>
                                                      </primary>
                                                    </factor>
                                                  </term>
                                                </comparison>
                                              </not test>
                                            </and test>
                                          </expr>
                                          <expr>
                                            <and test>
                                              <not test>
                                                <comparison>
                                                  <term>
                                                    <factor>
                                                      <primary>
                                                        <atom>
                                                          <integer literal>
                                                          </integer literal>
                                                        </atom>
                                                      </primary>
                                                    </factor>
                                                  </term>
                                                </comparison>
                                              </not test>
                                            </and test>
                                          </expr>
                                        </arguments>
                                      </primary suffix>
                                    </primary>
                                  </factor>
                                </term>
                              </comparison>
                            </not test>
                          </and test>
                        </expr>
                      </arguments>
                    </primary suffix>
                  </primary>
                </factor>
              </term>
            </comparison>
          </not test>
        </and test>
      </expr>
    </expr stmt>
  </stmt>
</program>
PP> def pow (a, b):
PP>   if b > 1:
PP>     return pow(a, b - 1) * a
PP>   elif b < 1:
PP>     return pow(a, b + 1) / a
PP>   else:
PP>     return a
PP> 
PP> def rough_log (x):
PP>   if x > 10:
PP>     return rough_log(x / 10) + 1
PP>   if x < 0.100000:
PP>     return rough_log(x * 10) - 1
PP>   return 1
PP> 
PP> def sqrt (v):
PP>   x = [0] * 12
PP>   d = rough_log(v)
PP>   if d % 2 == 1:
PP>     x[0] = pow(2 * 10, (d - 1) // 2)
PP>   else:
PP>     x[0] = pow(6 * 10, (d - 2) // 2)
PP>   ix = 0
PP>   while ix < 11:
PP>     tmp = (x[ix] + v / x[ix]) / 2
PP>     ix = ix + 1
PP>     x[ix] = tmp
PP>   return x[11]
PP> 
PP> v = float(input("Give a number: "))
PP> sq2 = sqrt(v)
PP> print(sq2, "squared is", pow(sq2, 2))
