<program>
   1: # Finn 1. påskedag for årene 2015-2020.
   2: 
   3: M_name = [""] * (12+1)
  <stmt>
    <assignment>
      <name>
      </name>
      <expr>
        <and test>
          <not test>
            <comparison>
              <term>
                <factor>
                  <primary>
                    <atom>
                      <list display>
                        <expr>
                          <and test>
                            <not test>
                              <comparison>
                                <term>
                                  <factor>
                                    <primary>
                                      <atom>
                                        <string literal>
                                        </string literal>
                                      </atom>
                                    </primary>
                                  </factor>
                                </term>
                              </comparison>
                            </not test>
                          </and test>
                        </expr>
                      </list display>
                    </atom>
                  </primary>
                  <factor opr>
                  </factor opr>
                  <primary>
                    <atom>
                      <inner expr>
                        <expr>
                          <and test>
                            <not test>
                              <comparison>
                                <term>
                                  <factor>
                                    <primary>
                                      <atom>
                                        <integer literal>
                                        </integer literal>
                                      </atom>
                                    </primary>
                                  </factor>
                                  <term opr>
                                  </term opr>
                                  <factor>
                                    <primary>
                                      <atom>
                                        <integer literal>
                                        </integer literal>
                                      </atom>
                                    </primary>
                                  </factor>
                                </term>
                              </comparison>
                            </not test>
                          </and test>
                        </expr>
                      </inner expr>
                    </atom>
                  </primary>
                </factor>
              </term>
            </comparison>
          </not test>
        </and test>
      </expr>
   4: M_name[3] = "mars"
    </assignment>
  </stmt>
  <stmt>
    <assignment>
      <name>
      </name>
      <subscription>
        <expr>
          <and test>
            <not test>
              <comparison>
                <term>
                  <factor>
                    <primary>
                      <atom>
                        <integer literal>
                        </integer literal>
                      </atom>
                    </primary>
                  </factor>
                </term>
              </comparison>
            </not test>
          </and test>
        </expr>
      </subscription>
      <expr>
        <and test>
          <not test>
            <comparison>
              <term>
                <factor>
                  <primary>
                    <atom>
                      <string literal>
                      </string literal>
                    </atom>
                  </primary>
                </factor>
              </term>
            </comparison>
          </not test>
        </and test>
      </expr>
    </assignment>
   5: M_name[4] = "april"
  </stmt>
  <stmt>
    <assignment>
      <name>
      </name>
      <subscription>
        <expr>
          <and test>
            <not test>
              <comparison>
                <term>
                  <factor>
                    <primary>
                      <atom>
                        <integer literal>
                        </integer literal>
                      </atom>
                    </primary>
                  </factor>
                </term>
              </comparison>
            </not test>
          </and test>
        </expr>
      </subscription>
      <expr>
        <and test>
          <not test>
            <comparison>
              <term>
                <factor>
                  <primary>
                    <atom>
                      <string literal>
                      </string literal>
                    </atom>
                  </primary>
                </factor>
              </term>
            </comparison>
          </not test>
        </and test>
      </expr>
    </assignment>
   6: 
   7: y = 2015
  </stmt>
  <stmt>
    <assignment>
      <name>
      </name>
      <expr>
        <and test>
          <not test>
            <comparison>
              <term>
                <factor>
                  <primary>
                    <atom>
                      <integer literal>
                      </integer literal>
                    </atom>
                  </primary>
                </factor>
              </term>
            </comparison>
          </not test>
        </and test>
      </expr>
   8: while y <= 2020:
    </assignment>
  </stmt>
  <stmt>
    <while stmt>
      <expr>
        <and test>
          <not test>
            <comparison>
              <term>
                <factor>
                  <primary>
                    <atom>
                      <name>
                      </name>
                    </atom>
                  </primary>
                </factor>
              </term>
              <comp opr>
              </comp opr>
              <term>
                <factor>
                  <primary>
                    <atom>
                      <integer literal>
                      </integer literal>
                    </atom>
                  </primary>
                </factor>
              </term>
            </comparison>
          </not test>
        </and test>
      </expr>
      <suite>
   9:    a = y % 19
        <stmt>
          <assignment>
            <name>
            </name>
            <expr>
              <and test>
                <not test>
                  <comparison>
                    <term>
                      <factor>
                        <primary>
                          <atom>
                            <name>
                            </name>
                          </atom>
                        </primary>
                        <factor opr>
                        </factor opr>
                        <primary>
                          <atom>
                            <integer literal>
                            </integer literal>
                          </atom>
                        </primary>
                      </factor>
                    </term>
                  </comparison>
                </not test>
              </and test>
            </expr>
  10:    b = y // 100
          </assignment>
        </stmt>
        <stmt>
          <assignment>
            <name>
            </name>
            <expr>
              <and test>
                <not test>
                  <comparison>
                    <term>
                      <factor>
                        <primary>
                          <atom>
                            <name>
                            </name>
                          </atom>
                        </primary>
                        <factor opr>
                        </factor opr>
                        <primary>
                          <atom>
                            <integer literal>
                            </integer literal>
                          </atom>
                        </primary>
                      </factor>
                    </term>
                  </comparison>
                </not test>
              </and test>
            </expr>
  11:    c = y % 100
          </assignment>
        </stmt>
        <stmt>
          <assignment>
            <name>
            </name>
            <expr>
              <and test>
                <not test>
                  <comparison>
                    <term>
                      <factor>
                        <primary>
                          <atom>
                            <name>
                            </name>
                          </atom>
                        </primary>
                        <factor opr>
                        </factor opr>
                        <primary>
                          <atom>
                            <integer literal>
                            </integer literal>
                          </atom>
                        </primary>
                      </factor>
                    </term>
                  </comparison>
                </not test>
              </and test>
            </expr>
  12:    d = b // 4
          </assignment>
        </stmt>
        <stmt>
          <assignment>
            <name>
            </name>
            <expr>
              <and test>
                <not test>
                  <comparison>
                    <term>
                      <factor>
                        <primary>
                          <atom>
                            <name>
                            </name>
                          </atom>
                        </primary>
                        <factor opr>
                        </factor opr>
                        <primary>
                          <atom>
                            <integer literal>
                            </integer literal>
                          </atom>
                        </primary>
                      </factor>
                    </term>
                  </comparison>
                </not test>
              </and test>
            </expr>
  13:    e = b % 4
          </assignment>
        </stmt>
        <stmt>
          <assignment>
            <name>
            </name>
            <expr>
              <and test>
                <not test>
                  <comparison>
                    <term>
                      <factor>
                        <primary>
                          <atom>
                            <name>
                            </name>
                          </atom>
                        </primary>
                        <factor opr>
                        </factor opr>
                        <primary>
                          <atom>
                            <integer literal>
                            </integer literal>
                          </atom>
                        </primary>
                      </factor>
                    </term>
                  </comparison>
                </not test>
              </and test>
            </expr>
  14:    f = (b+8) // 25
          </assignment>
        </stmt>
        <stmt>
          <assignment>
            <name>
            </name>
            <expr>
              <and test>
                <not test>
                  <comparison>
                    <term>
                      <factor>
                        <primary>
                          <atom>
                            <inner expr>
                              <expr>
                                <and test>
                                  <not test>
                                    <comparison>
                                      <term>
                                        <factor>
                                          <primary>
                                            <atom>
                                              <name>
                                              </name>
                                            </atom>
                                          </primary>
                                        </factor>
                                        <term opr>
                                        </term opr>
                                        <factor>
                                          <primary>
                                            <atom>
                                              <integer literal>
                                              </integer literal>
                                            </atom>
                                          </primary>
                                        </factor>
                                      </term>
                                    </comparison>
                                  </not test>
                                </and test>
                              </expr>
                            </inner expr>
                          </atom>
                        </primary>
                        <factor opr>
                        </factor opr>
                        <primary>
                          <atom>
                            <integer literal>
                            </integer literal>
                          </atom>
                        </primary>
                      </factor>
                    </term>
                  </comparison>
                </not test>
              </and test>
            </expr>
  15:    g = (b-f+1) // 3
          </assignment>
        </stmt>
        <stmt>
          <assignment>
            <name>
            </name>
            <expr>
              <and test>
                <not test>
                  <comparison>
                    <term>
                      <factor>
                        <primary>
                          <atom>
                            <inner expr>
                              <expr>
                                <and test>
                                  <not test>
                                    <comparison>
                                      <term>
                                        <factor>
                                          <primary>
                                            <atom>
                                              <name>
                                              </name>
                                            </atom>
                                          </primary>
                                        </factor>
                                        <term opr>
                                        </term opr>
                                        <factor>
                                          <primary>
                                            <atom>
                                              <name>
                                              </name>
                                            </atom>
                                          </primary>
                                        </factor>
                                        <term opr>
                                        </term opr>
                                        <factor>
                                          <primary>
                                            <atom>
                                              <integer literal>
                                              </integer literal>
                                            </atom>
                                          </primary>
                                        </factor>
                                      </term>
                                    </comparison>
                                  </not test>
                                </and test>
                              </expr>
                            </inner expr>
                          </atom>
                        </primary>
                        <factor opr>
                        </factor opr>
                        <primary>
                          <atom>
                            <integer literal>
                            </integer literal>
                          </atom>
                        </primary>
                      </factor>
                    </term>
                  </comparison>
                </not test>
              </and test>
            </expr>
  16:    h = (19*a+b-d-g+15) % 30
          </assignment>
        </stmt>
        <stmt>
          <assignment>
            <name>
            </name>
            <expr>
              <and test>
                <not test>
                  <comparison>
                    <term>
                      <factor>
                        <primary>
                          <atom>
                            <inner expr>
                              <expr>
                                <and test>
                                  <not test>
                                    <comparison>
                                      <term>
                                        <factor>
                                          <primary>
                                            <atom>
                                              <integer literal>
                                              </integer literal>
                                            </atom>
                                          </primary>
                                          <factor opr>
                                          </factor opr>
                                          <primary>
                                            <atom>
                                              <name>
                                              </name>
                                            </atom>
                                          </primary>
                                        </factor>
                                        <term opr>
                                        </term opr>
                                        <factor>
                                          <primary>
                                            <atom>
                                              <name>
                                              </name>
                                            </atom>
                                          </primary>
                                        </factor>
                                        <term opr>
                                        </term opr>
                                        <factor>
                                          <primary>
                                            <atom>
                                              <name>
                                              </name>
                                            </atom>
                                          </primary>
                                        </factor>
                                        <term opr>
                                        </term opr>
                                        <factor>
                                          <primary>
                                            <atom>
                                              <name>
                                              </name>
                                            </atom>
                                          </primary>
                                        </factor>
                                        <term opr>
                                        </term opr>
                                        <factor>
                                          <primary>
                                            <atom>
                                              <integer literal>
                                              </integer literal>
                                            </atom>
                                          </primary>
                                        </factor>
                                      </term>
                                    </comparison>
                                  </not test>
                                </and test>
                              </expr>
                            </inner expr>
                          </atom>
                        </primary>
                        <factor opr>
                        </factor opr>
                        <primary>
                          <atom>
                            <integer literal>
                            </integer literal>
                          </atom>
                        </primary>
                      </factor>
                    </term>
                  </comparison>
                </not test>
              </and test>
            </expr>
  17:    i = c // 4
          </assignment>
        </stmt>
        <stmt>
          <assignment>
            <name>
            </name>
            <expr>
              <and test>
                <not test>
                  <comparison>
                    <term>
                      <factor>
                        <primary>
                          <atom>
                            <name>
                            </name>
                          </atom>
                        </primary>
                        <factor opr>
                        </factor opr>
                        <primary>
                          <atom>
                            <integer literal>
                            </integer literal>
                          </atom>
                        </primary>
                      </factor>
                    </term>
                  </comparison>
                </not test>
              </and test>
            </expr>
  18:    k = c % 4
          </assignment>
        </stmt>
        <stmt>
          <assignment>
            <name>
            </name>
            <expr>
              <and test>
                <not test>
                  <comparison>
                    <term>
                      <factor>
                        <primary>
                          <atom>
                            <name>
                            </name>
                          </atom>
                        </primary>
                        <factor opr>
                        </factor opr>
                        <primary>
                          <atom>
                            <integer literal>
                            </integer literal>
                          </atom>
                        </primary>
                      </factor>
                    </term>
                  </comparison>
                </not test>
              </and test>
            </expr>
  19:    l = (32+2*e+2*i-h-k) % 7
          </assignment>
        </stmt>
        <stmt>
          <assignment>
            <name>
            </name>
            <expr>
              <and test>
                <not test>
                  <comparison>
                    <term>
                      <factor>
                        <primary>
                          <atom>
                            <inner expr>
                              <expr>
                                <and test>
                                  <not test>
                                    <comparison>
                                      <term>
                                        <factor>
                                          <primary>
                                            <atom>
                                              <integer literal>
                                              </integer literal>
                                            </atom>
                                          </primary>
                                        </factor>
                                        <term opr>
                                        </term opr>
                                        <factor>
                                          <primary>
                                            <atom>
                                              <integer literal>
                                              </integer literal>
                                            </atom>
                                          </primary>
                                          <factor opr>
                                          </factor opr>
                                          <primary>
                                            <atom>
                                              <name>
                                              </name>
                                            </atom>
                                          </primary>
                                        </factor>
                                        <term opr>
                                        </term opr>
                                        <factor>
                                          <primary>
                                            <atom>
                                              <integer literal>
                                              </integer literal>
                                            </atom>
                                          </primary>
                                          <factor opr>
                                          </factor opr>
                                          <primary>
                                            <atom>
                                              <name>
                                              </name>
                                            </atom>
                                          </primary>
                                        </factor>
                                        <term opr>
                                        </term opr>
                                        <factor>
                                          <primary>
                                            <atom>
                                              <name>
                                              </name>
                                            </atom>
                                          </primary>
                                        </factor>
                                        <term opr>
                                        </term opr>
                                        <factor>
                                          <primary>
                                            <atom>
                                              <name>
                                              </name>
                                            </atom>
                                          </primary>
                                        </factor>
                                      </term>
                                    </comparison>
                                  </not test>
                                </and test>
                              </expr>
                            </inner expr>
                          </atom>
                        </primary>
                        <factor opr>
                        </factor opr>
                        <primary>
                          <atom>
                            <integer literal>
                            </integer literal>
                          </atom>
                        </primary>
                      </factor>
                    </term>
                  </comparison>
                </not test>
              </and test>
            </expr>
  20:    m = (a+11*h+22*l) // 451
          </assignment>
        </stmt>
        <stmt>
          <assignment>
            <name>
            </name>
            <expr>
              <and test>
                <not test>
                  <comparison>
                    <term>
                      <factor>
                        <primary>
                          <atom>
                            <inner expr>
                              <expr>
                                <and test>
                                  <not test>
                                    <comparison>
                                      <term>
                                        <factor>
                                          <primary>
                                            <atom>
                                              <name>
                                              </name>
                                            </atom>
                                          </primary>
                                        </factor>
                                        <term opr>
                                        </term opr>
                                        <factor>
                                          <primary>
                                            <atom>
                                              <integer literal>
                                              </integer literal>
                                            </atom>
                                          </primary>
                                          <factor opr>
                                          </factor opr>
                                          <primary>
                                            <atom>
                                              <name>
                                              </name>
                                            </atom>
                                          </primary>
                                        </factor>
                                        <term opr>
                                        </term opr>
                                        <factor>
                                          <primary>
                                            <atom>
                                              <integer literal>
                                              </integer literal>
                                            </atom>
                                          </primary>
                                          <factor opr>
                                          </factor opr>
                                          <primary>
                                            <atom>
                                              <name>
                                              </name>
                                            </atom>
                                          </primary>
                                        </factor>
                                      </term>
                                    </comparison>
                                  </not test>
                                </and test>
                              </expr>
                            </inner expr>
                          </atom>
                        </primary>
                        <factor opr>
                        </factor opr>
                        <primary>
                          <atom>
                            <integer literal>
                            </integer literal>
                          </atom>
                        </primary>
                      </factor>
                    </term>
                  </comparison>
                </not test>
              </and test>
            </expr>
  21: 
  22:    month = (h+l-7*m+114) // 31
          </assignment>
        </stmt>
        <stmt>
          <assignment>
            <name>
            </name>
            <expr>
              <and test>
                <not test>
                  <comparison>
                    <term>
                      <factor>
                        <primary>
                          <atom>
                            <inner expr>
                              <expr>
                                <and test>
                                  <not test>
                                    <comparison>
                                      <term>
                                        <factor>
                                          <primary>
                                            <atom>
                                              <name>
                                              </name>
                                            </atom>
                                          </primary>
                                        </factor>
                                        <term opr>
                                        </term opr>
                                        <factor>
                                          <primary>
                                            <atom>
                                              <name>
                                              </name>
                                            </atom>
                                          </primary>
                                        </factor>
                                        <term opr>
                                        </term opr>
                                        <factor>
                                          <primary>
                                            <atom>
                                              <integer literal>
                                              </integer literal>
                                            </atom>
                                          </primary>
                                          <factor opr>
                                          </factor opr>
                                          <primary>
                                            <atom>
                                              <name>
                                              </name>
                                            </atom>
                                          </primary>
                                        </factor>
                                        <term opr>
                                        </term opr>
                                        <factor>
                                          <primary>
                                            <atom>
                                              <integer literal>
                                              </integer literal>
                                            </atom>
                                          </primary>
                                        </factor>
                                      </term>
                                    </comparison>
                                  </not test>
                                </and test>
                              </expr>
                            </inner expr>
                          </atom>
                        </primary>
                        <factor opr>
                        </factor opr>
                        <primary>
                          <atom>
                            <integer literal>
                            </integer literal>
                          </atom>
                        </primary>
                      </factor>
                    </term>
                  </comparison>
                </not test>
              </and test>
            </expr>
  23:    day = (h+l-7*m+114) % 31 + 1
          </assignment>
        </stmt>
        <stmt>
          <assignment>
            <name>
            </name>
            <expr>
              <and test>
                <not test>
                  <comparison>
                    <term>
                      <factor>
                        <primary>
                          <atom>
                            <inner expr>
                              <expr>
                                <and test>
                                  <not test>
                                    <comparison>
                                      <term>
                                        <factor>
                                          <primary>
                                            <atom>
                                              <name>
                                              </name>
                                            </atom>
                                          </primary>
                                        </factor>
                                        <term opr>
                                        </term opr>
                                        <factor>
                                          <primary>
                                            <atom>
                                              <name>
                                              </name>
                                            </atom>
                                          </primary>
                                        </factor>
                                        <term opr>
                                        </term opr>
                                        <factor>
                                          <primary>
                                            <atom>
                                              <integer literal>
                                              </integer literal>
                                            </atom>
                                          </primary>
                                          <factor opr>
                                          </factor opr>
                                          <primary>
                                            <atom>
                                              <name>
                                              </name>
                                            </atom>
                                          </primary>
                                        </factor>
                                        <term opr>
                                        </term opr>
                                        <factor>
                                          <primary>
                                            <atom>
                                              <integer literal>
                                              </integer literal>
                                            </atom>
                                          </primary>
                                        </factor>
                                      </term>
                                    </comparison>
                                  </not test>
                                </and test>
                              </expr>
                            </inner expr>
                          </atom>
                        </primary>
                        <factor opr>
                        </factor opr>
                        <primary>
                          <atom>
                            <integer literal>
                            </integer literal>
                          </atom>
                        </primary>
                      </factor>
                      <term opr>
                      </term opr>
                      <factor>
                        <primary>
                          <atom>
                            <integer literal>
                            </integer literal>
                          </atom>
                        </primary>
                      </factor>
                    </term>
                  </comparison>
                </not test>
              </and test>
            </expr>
  24:    print(str(day) + ". " + M_name[month], y)
          </assignment>
        </stmt>
        <stmt>
          <expr stmt>
            <expr>
              <and test>
                <not test>
                  <comparison>
                    <term>
                      <factor>
                        <primary>
                          <atom>
                            <name>
                            </name>
                          </atom>
                          <primary suffix>
                            <arguments>
                              <expr>
                                <and test>
                                  <not test>
                                    <comparison>
                                      <term>
                                        <factor>
                                          <primary>
                                            <atom>
                                              <name>
                                              </name>
                                            </atom>
                                            <primary suffix>
                                              <arguments>
                                                <expr>
                                                  <and test>
                                                    <not test>
                                                      <comparison>
                                                        <term>
                                                          <factor>
                                                            <primary>
                                                              <atom>
                                                                <name>
                                                                </name>
                                                              </atom>
                                                            </primary>
                                                          </factor>
                                                        </term>
                                                      </comparison>
                                                    </not test>
                                                  </and test>
                                                </expr>
                                              </arguments>
                                            </primary suffix>
                                          </primary>
                                        </factor>
                                        <term opr>
                                        </term opr>
                                        <factor>
                                          <primary>
                                            <atom>
                                              <string literal>
                                              </string literal>
                                            </atom>
                                          </primary>
                                        </factor>
                                        <term opr>
                                        </term opr>
                                        <factor>
                                          <primary>
                                            <atom>
                                              <name>
                                              </name>
                                            </atom>
                                            <primary suffix>
                                              <subscription>
                                                <expr>
                                                  <and test>
                                                    <not test>
                                                      <comparison>
                                                        <term>
                                                          <factor>
                                                            <primary>
                                                              <atom>
                                                                <name>
                                                                </name>
                                                              </atom>
                                                            </primary>
                                                          </factor>
                                                        </term>
                                                      </comparison>
                                                    </not test>
                                                  </and test>
                                                </expr>
                                              </subscription>
                                            </primary suffix>
                                          </primary>
                                        </factor>
                                      </term>
                                    </comparison>
                                  </not test>
                                </and test>
                              </expr>
                              <expr>
                                <and test>
                                  <not test>
                                    <comparison>
                                      <term>
                                        <factor>
                                          <primary>
                                            <atom>
                                              <name>
                                              </name>
                                            </atom>
                                          </primary>
                                        </factor>
                                      </term>
                                    </comparison>
                                  </not test>
                                </and test>
                              </expr>
                            </arguments>
                          </primary suffix>
                        </primary>
                      </factor>
                    </term>
                  </comparison>
                </not test>
              </and test>
            </expr>
          </expr stmt>
  25: 
  26:    y = y+1
        </stmt>
        <stmt>
          <assignment>
            <name>
            </name>
            <expr>
              <and test>
                <not test>
                  <comparison>
                    <term>
                      <factor>
                        <primary>
                          <atom>
                            <name>
                            </name>
                          </atom>
                        </primary>
                      </factor>
                      <term opr>
                      </term opr>
                      <factor>
                        <primary>
                          <atom>
                            <integer literal>
                            </integer literal>
                          </atom>
                        </primary>
                      </factor>
                    </term>
                  </comparison>
                </not test>
              </and test>
            </expr>
          </assignment>
        </stmt>
      </suite>
    </while stmt>
  </stmt>
</program>
