   1: 
   2: a = 7
Scanner: name token on line 2: a
Scanner: = token on line 2
Scanner: integer literal token on line 2: 7
Scanner: NEWLINE token on line 2
   3: if a == 0:
Scanner: if token on line 3
Scanner: name token on line 3: a
Scanner: == token on line 3
Scanner: integer literal token on line 3: 0
Scanner: : token on line 3
Scanner: NEWLINE token on line 3
   4:   b = -2
Scanner: INDENT token on line 4
Scanner: name token on line 4: b
Scanner: = token on line 4
Scanner: - token on line 4
Scanner: integer literal token on line 4: 2
Scanner: NEWLINE token on line 4
   5:   if a < b:
Scanner: if token on line 5
Scanner: name token on line 5: a
Scanner: < token on line 5
Scanner: name token on line 5: b
Scanner: : token on line 5
Scanner: NEWLINE token on line 5
   6:         b = b+1
Scanner: INDENT token on line 6
Scanner: name token on line 6: b
Scanner: = token on line 6
Scanner: name token on line 6: b
Scanner: + token on line 6
Scanner: integer literal token on line 6: 1
Scanner: NEWLINE token on line 6
   7:   else:
Scanner: DEDENT token on line 7
Scanner: else token on line 7
Scanner: : token on line 7
Scanner: NEWLINE token on line 7
   8:    b = b-1
Scanner: INDENT token on line 8
Scanner: name token on line 8: b
Scanner: = token on line 8
Scanner: name token on line 8: b
Scanner: - token on line 8
Scanner: integer literal token on line 8: 1
Scanner: NEWLINE token on line 8
   9: else:
Scanner: DEDENT token on line 9
Scanner: DEDENT token on line 9
Scanner: else token on line 9
Scanner: : token on line 9
Scanner: NEWLINE token on line 9
  10:         b = 0
Scanner: INDENT token on line 10
Scanner: name token on line 10: b
Scanner: = token on line 10
Scanner: integer literal token on line 10: 0
Scanner: NEWLINE token on line 10
  11: 	
Scanner: DEDENT token
Scanner: E-o-f token
