<program>
   1: navn = "Dag"
  <stmt>
    <assignment>
      <name>
      </name>
      <expr>
        <and test>
          <not test>
            <comparison>
              <term>
                <factor>
                  <primary>
                    <atom>
                      <string literal>
                      </string literal>
                    </atom>
                  </primary>
                </factor>
              </term>
            </comparison>
          </not test>
        </and test>
      </expr>
    </assignment>
  </stmt>
</program>
