<program>
   1: "Testing integer expressions:"
  <stmt>
    <expr stmt>
      <expr>
        <and test>
          <not test>
            <comparison>
              <term>
                <factor>
                  <primary>
                    <atom>
                      <string literal>
                      </string literal>
                    </atom>
                  </primary>
                </factor>
              </term>
            </comparison>
          </not test>
        </and test>
      </expr>
    </expr stmt>
  </stmt>
   2: 42
  <stmt>
    <expr stmt>
      <expr>
        <and test>
          <not test>
            <comparison>
              <term>
                <factor>
                  <primary>
                    <atom>
                      <integer literal>
                      </integer literal>
                    </atom>
                  </primary>
                </factor>
              </term>
            </comparison>
          </not test>
        </and test>
      </expr>
    </expr stmt>
  </stmt>
   3: -1017
  <stmt>
    <expr stmt>
      <expr>
        <and test>
          <not test>
            <comparison>
              <term>
                <factor>
                  <factor prefix>
                  </factor prefix>
                  <primary>
                    <atom>
                      <integer literal>
                      </integer literal>
                    </atom>
                  </primary>
                </factor>
              </term>
            </comparison>
          </not test>
        </and test>
      </expr>
    </expr stmt>
  </stmt>
   4: 2 + 5 * 7
  <stmt>
    <expr stmt>
      <expr>
        <and test>
          <not test>
            <comparison>
              <term>
                <factor>
                  <primary>
                    <atom>
                      <integer literal>
                      </integer literal>
                    </atom>
                  </primary>
                </factor>
                <term opr>
                </term opr>
                <factor>
                  <primary>
                    <atom>
                      <integer literal>
                      </integer literal>
                    </atom>
                  </primary>
                  <factor opr>
                  </factor opr>
                  <primary>
                    <atom>
                      <integer literal>
                      </integer literal>
                    </atom>
                  </primary>
                </factor>
              </term>
            </comparison>
          </not test>
        </and test>
      </expr>
    </expr stmt>
  </stmt>
   5: (3 - 1) * 3
  <stmt>
    <expr stmt>
      <expr>
        <and test>
          <not test>
            <comparison>
              <term>
                <factor>
                  <primary>
                    <atom>
                      <inner expr>
                        <expr>
                          <and test>
                            <not test>
                              <comparison>
                                <term>
                                  <factor>
                                    <primary>
                                      <atom>
                                        <integer literal>
                                        </integer literal>
                                      </atom>
                                    </primary>
                                  </factor>
                                  <term opr>
                                  </term opr>
                                  <factor>
                                    <primary>
                                      <atom>
                                        <integer literal>
                                        </integer literal>
                                      </atom>
                                    </primary>
                                  </factor>
                                </term>
                              </comparison>
                            </not test>
                          </and test>
                        </expr>
                      </inner expr>
                    </atom>
                  </primary>
                  <factor opr>
                  </factor opr>
                  <primary>
                    <atom>
                      <integer literal>
                      </integer literal>
                    </atom>
                  </primary>
                </factor>
              </term>
            </comparison>
          </not test>
        </and test>
      </expr>
    </expr stmt>
  </stmt>
   6: 
   7: "Testing string expressions:"
  <stmt>
    <expr stmt>
      <expr>
        <and test>
          <not test>
            <comparison>
              <term>
                <factor>
                  <primary>
                    <atom>
                      <string literal>
                      </string literal>
                    </atom>
                  </primary>
                </factor>
              </term>
            </comparison>
          </not test>
        </and test>
      </expr>
    </expr stmt>
  </stmt>
   8: "Abc"
  <stmt>
    <expr stmt>
      <expr>
        <and test>
          <not test>
            <comparison>
              <term>
                <factor>
                  <primary>
                    <atom>
                      <string literal>
                      </string literal>
                    </atom>
                  </primary>
                </factor>
              </term>
            </comparison>
          </not test>
        </and test>
      </expr>
    </expr stmt>
  </stmt>
   9: "A" + "z"
  <stmt>
    <expr stmt>
      <expr>
        <and test>
          <not test>
            <comparison>
              <term>
                <factor>
                  <primary>
                    <atom>
                      <string literal>
                      </string literal>
                    </atom>
                  </primary>
                </factor>
                <term opr>
                </term opr>
                <factor>
                  <primary>
                    <atom>
                      <string literal>
                      </string literal>
                    </atom>
                  </primary>
                </factor>
              </term>
            </comparison>
          </not test>
        </and test>
      </expr>
    </expr stmt>
  </stmt>
  10: "!" * 3
  <stmt>
    <expr stmt>
      <expr>
        <and test>
          <not test>
            <comparison>
              <term>
                <factor>
                  <primary>
                    <atom>
                      <string literal>
                      </string literal>
                    </atom>
                  </primary>
                  <factor opr>
                  </factor opr>
                  <primary>
                    <atom>
                      <integer literal>
                      </integer literal>
                    </atom>
                  </primary>
                </factor>
              </term>
            </comparison>
          </not test>
        </and test>
      </expr>
    </expr stmt>
  </stmt>
  11: 
  12: "Testing comparisons:"
  <stmt>
    <expr stmt>
      <expr>
        <and test>
          <not test>
            <comparison>
              <term>
                <factor>
                  <primary>
                    <atom>
                      <string literal>
                      </string literal>
                    </atom>
                  </primary>
                </factor>
              </term>
            </comparison>
          </not test>
        </and test>
      </expr>
    </expr stmt>
  </stmt>
  13: 1 <= 10
  <stmt>
    <expr stmt>
      <expr>
        <and test>
          <not test>
            <comparison>
              <term>
                <factor>
                  <primary>
                    <atom>
                      <integer literal>
                      </integer literal>
                    </atom>
                  </primary>
                </factor>
              </term>
              <comp opr>
              </comp opr>
              <term>
                <factor>
                  <primary>
                    <atom>
                      <integer literal>
                      </integer literal>
                    </atom>
                  </primary>
                </factor>
              </term>
            </comparison>
          </not test>
        </and test>
      </expr>
    </expr stmt>
  </stmt>
  14: "a" == "A"
  <stmt>
    <expr stmt>
      <expr>
        <and test>
          <not test>
            <comparison>
              <term>
                <factor>
                  <primary>
                    <atom>
                      <string literal>
                      </string literal>
                    </atom>
                  </primary>
                </factor>
              </term>
              <comp opr>
              </comp opr>
              <term>
                <factor>
                  <primary>
                    <atom>
                      <string literal>
                      </string literal>
                    </atom>
                  </primary>
                </factor>
              </term>
            </comparison>
          </not test>
        </and test>
      </expr>
    </expr stmt>
  </stmt>
</program>
PP> "Testing integer expressions:"
PP> 42
PP> - 1017
PP> 2 + 5 * 7
PP> (3 - 1) * 3
PP> "Testing string expressions:"
PP> "Abc"
PP> "A" + "z"
PP> "!" * 3
PP> "Testing comparisons:"
PP> 1 <= 10
PP> "a" == "A"
